<?xml version="1.0" encoding="UTF-8"?>
<!-- Generated by org.testng.reporters.JUnitReportReporter -->
<testsuite name="jenkins_maven_log4IntegrationProject.com.iqbal.choudhury.pack1.Test1" tests="6" time="0.016" ignored="0" failures="0" timestamp="15 May 2017 14:15:52 GMT" skipped="0" hostname="DESKTOP-6C6GB7L" errors="0">
  <testcase name="t3" time="0.000" classname="jenkins_maven_log4IntegrationProject.com.iqbal.choudhury.pack1.Test1"/>
  <testcase name="t2" time="0.000" classname="jenkins_maven_log4IntegrationProject.com.iqbal.choudhury.pack1.Test1"/>
  <testcase name="t1" time="0.000" classname="jenkins_maven_log4IntegrationProject.com.iqbal.choudhury.pack1.Test1"/>
  <testcase name="t2" time="0.016" classname="jenkins_maven_log4IntegrationProject.com.iqbal.choudhury.pack1.Test1"/>
  <testcase name="t1" time="0.000" classname="jenkins_maven_log4IntegrationProject.com.iqbal.choudhury.pack1.Test1"/>
  <testcase name="t3" time="0.000" classname="jenkins_maven_log4IntegrationProject.com.iqbal.choudhury.pack1.Test1"/>
</testsuite> <!-- jenkins_maven_log4IntegrationProject.com.iqbal.choudhury.pack1.Test1 -->
