<?xml version="1.0" encoding="UTF-8"?>
<!-- Generated by org.testng.reporters.JUnitReportReporter -->
<testsuite name="jenkins_maven_log4IntegrationProject.com.iqbal.choudhury.pack1.Test1" tests="3" time="0.035" ignored="0" failures="0" timestamp="16 May 2017 19:26:16 GMT" skipped="0" hostname="DESKTOP-6C6GB7L" errors="0">
  <testcase name="t3" time="0.003" classname="jenkins_maven_log4IntegrationProject.com.iqbal.choudhury.pack1.Test1"/>
  <testcase name="t1" time="0.030" classname="jenkins_maven_log4IntegrationProject.com.iqbal.choudhury.pack1.Test1"/>
  <testcase name="t2" time="0.002" classname="jenkins_maven_log4IntegrationProject.com.iqbal.choudhury.pack1.Test1"/>
</testsuite> <!-- jenkins_maven_log4IntegrationProject.com.iqbal.choudhury.pack1.Test1 -->
